[2740:8672:1025/144131:INFO:AppRunner.cpp(611)] Begin run process geeplayer, -runfrom openimage "D:\phpStudy2\WWW\game\images\cooperation_icon.png", mainplugin is mainPlugin
[2740:8672:1025/144131:INFO:AppRunner.cpp(617)] ProductName is GeePlayer1
[2740:8672:1025/144131:INFO:ChannelManager.cpp(1219)] create connection thread
[2740:8672:1025/144131:INFO:AppRunner.cpp(661)] apppluginbase version is 5.1.3.13
[2740:8672:1025/144131:INFO:UIlib.cpp(192)] quilib: version is 5.1.3.9
[2740:8672:1025/144131:INFO:serviceManager.cpp(508)] mainprocessisrunning key is set as 1
[2740:8672:1025/144131:INFO:serviceManager.cpp(629)] create local service plugin PluginServerStatePlugin
[2740:8672:1025/144131:INFO:serviceManager.cpp(687)] plugin PluginServerStatePlugin DoPluginInit
[2740:8672:1025/144131:INFO:serviceManager.cpp(1272)] repository parse over
[2740:8672:1025/144131:INFO:UIManager.cpp(383)] quilib:call set resouce path, path is c:\program files (x86)\iqiyi video\geeplayer\2.5.38.3449\skin
[2740:8672:1025/144131:INFO:UIMarkup.cpp(395)] quilib:Open Resource failed, Path is c:\program files (x86)\iqiyi video\geeplayer\2.5.38.3449\skin\StyleTable.xml, last error is2
[2740:8672:1025/144131:INFO:UIDlgBuilder.cpp(512)] quilib:create root control failed
[2740:8672:1025/144131:INFO:UIDlgBuilder.cpp(512)] quilib:create root control failed
[2740:8672:1025/144131:INFO:UIDlgBuilder.cpp(512)] quilib:create root control failed
[2740:8672:1025/144131:INFO:UIDlgBuilder.cpp(512)] quilib:create root control failed
[2740:8672:1025/144131:INFO:UIDlgBuilder.cpp(512)] quilib:create root control failed
[2740:8672:1025/144131:INFO:UIDlgBuilder.cpp(512)] quilib:create root control failed
[2740:8672:1025/144133:INFO:AppRunner.cpp(720)] loop exit geeplayer call main plugin DestoryPluginEntry
[2740:8672:1025/144133:INFO:PluginDevelopAssistant.cpp(115)] real plugin mainPlugin call DestroyPlugin
[2740:8672:1025/144133:INFO:IPlugin.cpp(31)] destruct plugin mainPlugin
[2740:8672:1025/144133:INFO:serviceManager.cpp(1353)] mainPlugin plugin had destroy by DestructPlugin
[2740:8672:1025/144133:INFO:serviceManager.cpp(1906)] DestructManager begin
[2740:8672:1025/144133:INFO:IPlugin.cpp(31)] destruct plugin PluginServerStatePlugin
[2740:8672:1025/144133:INFO:PluginDevelopAssistant.cpp(295)] real plugin PluginServerStatePlugin call DestroyPlugin
[2740:8672:1025/144133:INFO:serviceManager.cpp(1353)] PluginServerStatePlugin plugin had destroy by DestructPlugin
[2740:8672:1025/144133:INFO:serviceManager.cpp(1759)] DeleteLeftPlugins begin
[2740:8672:1025/144133:INFO:serviceManager.cpp(1822)] DeleteLeftPlugins end
[2740:8672:1025/144133:INFO:serviceManager.cpp(508)] mainprocessisrunning key is set as 0
[2740:8672:1025/144133:INFO:AppRunner.cpp(735)] close mutex of process geeplayer
[2740:8672:1025/144133:INFO:AppRunner.cpp(743)] run process geeplayer end
